S/LT4120420/2.007
S/LT4120420/2.006
S/LT4120420/2.007
S/LT6120418-A6/2.007
130225 04:28:00 SGetTicketInfo(0xb1efdd4c,1024) 1011---SCANNER_READ_ERROR 读取票信息错误
130225 04:28:00 SGetTicketInfo(0xb26fed4c,1024) 1011---SCANNER_READ_ERROR 读取票信息错误
130225 04:28:04 SGetTicketInfo(0xb1efdd4c,1024) 1011---SCANNER_READ_ERROR 读取票信息错误
130225 04:28:04 SGetTicketInfo(0xb26fed4c,1024) 1011---SCANNER_READ_ERROR 读取票信息错误
130225 04:28:12 SGetTicketInfo(0xb1efdd4c,1024) 1011---SCANNER_READ_ERROR 读取票信息错误
130225 04:28:12 SGetTicketInfo(0xb26fed4c,1024) 1011---SCANNER_READ_ERROR 读取票信息错误
130225 04:28:53 SGetTicketInfo(0xaf6fed4c,1024) 1011---SCANNER_READ_ERROR 读取票信息错误
130225 04:28:56 SGetTicketInfo(0xaf6fed4c,1024) 1011---SCANNER_READ_ERROR 读取票信息错误
130225 04:29:03 SGetTicketInfo(0xb1cfdd4c,1024) 1011---SCANNER_READ_ERROR 读取票信息错误
130225 04:29:03 SGetTicketInfo(0xaf6fed4c,1024) 1011---SCANNER_READ_ERROR 读取票信息错误
130225 04:29:07 SGetTicketInfo(0xb1cfdd4c,1024) 1011---SCANNER_READ_ERROR 读取票信息错误
130225 04:29:07 SGetTicketInfo(0xaf6fed4c,1024) 1011---SCANNER_READ_ERROR 读取票信息错误
130225 11:50:41 SPrintBrandImage(0x0,1,0,550) 1513---BRAND_XPOS_ERROR 打印标识成功，但是X坐标错误
130225 11:50:48 SPrintBrandImage(0x0,1,0,550) 1513---BRAND_XPOS_ERROR 打印标识成功，但是X坐标错误
130225 11:51:02 SPrintBrandImage(0x0,1,0,550) 1513---BRAND_XPOS_ERROR 打印标识成功，但是X坐标错误
130225 11:51:08 SPrintBrandImage(0x0,1,0,550) 1513---BRAND_XPOS_ERROR 打印标识成功，但是X坐标错误
130225 11:51:23 SPrintBrandImage(0x0,1,0,550) 1513---BRAND_XPOS_ERROR 打印标识成功，但是X坐标错误
130225 11:51:34 SPrintBrandImage(0x0,3,0,550) 1513---BRAND_XPOS_ERROR 打印标识成功，但是X坐标错误
130225 11:52:00 SPrintBrandImage(0x0,3,0,550) 1513---BRAND_XPOS_ERROR 打印标识成功，但是X坐标错误
130225 11:52:06 SPrintBrandImage(0x0,3,0,550) 1513---BRAND_XPOS_ERROR 打印标识成功，但是X坐标错误
130225 11:52:10 SPrintBrandImage(0xbfb59490,0,0,550) 1015---READ_BMP_DATA_ERRO 获取bmp图像数据错误
130225 11:52:10 SPrintBrandImage(0xbfb59490,0,0,550) 1513---BRAND_XPOS_ERROR 打印标识成功，但是X坐标错误
130225 11:52:17 SPrintBrandImage(0xbfb59490,0,0,550) 1015---READ_BMP_DATA_ERRO 获取bmp图像数据错误
130225 11:52:17 SPrintBrandImage(0xbfb59490,0,0,550) 1513---BRAND_XPOS_ERROR 打印标识成功，但是X坐标错误
130225 11:56:10 SPrintBrandImage(0xbfaa0b70,0,0,150) 1015---READ_BMP_DATA_ERRO 获取bmp图像数据错误
130225 11:56:10 SPrintBrandImage(0xbfaa0b70,0,0,150) 1513---BRAND_XPOS_ERROR 打印标识成功，但是X坐标错误
130225 11:56:23 SPrintBrandImage(0xbfaa0b70,0,0,150) 1015---READ_BMP_DATA_ERRO 获取bmp图像数据错误
130225 11:56:23 SPrintBrandImage(0xbfaa0b70,0,0,150) 1513---BRAND_XPOS_ERROR 打印标识成功，但是X坐标错误
130225 11:58:53 SPrintBrandImage(0x0,1,0,150) 1513---BRAND_XPOS_ERROR 打印标识成功，但是X坐标错误
130225 11:59:01 SPrintBrandImage(0x0,3,0,150) 1513---BRAND_XPOS_ERROR 打印标识成功，但是X坐标错误
130225 11:59:09 SPrintBrandImage(0xbfeb5fb0,0,0,150) 1015---READ_BMP_DATA_ERRO 获取bmp图像数据错误
130225 11:59:09 SPrintBrandImage(0xbfeb5fb0,0,0,150) 1513---BRAND_XPOS_ERROR 打印标识成功，但是X坐标错误
130226 04:08:30 SPrintBrandImage(0x0,1,0,150) 1513---BRAND_XPOS_ERROR 打印标识成功，但是X坐标错误
130226 04:08:37 SPrintBrandImage(0x0,3,0,150) 1513---BRAND_XPOS_ERROR 打印标识成功，但是X坐标错误
130226 04:08:43 SPrintBrandImage(0xbfec0510,0,0,150) 1015---READ_BMP_DATA_ERRO 获取bmp图像数据错误
130226 04:08:43 SPrintBrandImage(0xbfec0510,0,0,150) 1513---BRAND_XPOS_ERROR 打印标识成功，但是X坐标错误
130226 04:08:50 SPrintBrandImage(0xbfec0510,0,0,150) 1015---READ_BMP_DATA_ERRO 获取bmp图像数据错误
130226 04:08:50 SPrintBrandImage(0xbfec0510,0,0,150) 1500---OTHER_ERROR index超出限制
130226 04:08:54 SPrintBrandImage(0xbfec0510,0,0,150) 1015---READ_BMP_DATA_ERRO 获取bmp图像数据错误
130226 04:08:55 SPrintBrandImage(0xbfec0510,0,0,150) 1500---OTHER_ERROR index超出限制
130226 04:08:58 SPrintBrandImage(0x0,3,0,150) 1513---BRAND_XPOS_ERROR 打印标识成功，但是X坐标错误
130226 04:09:04 SPrintBrandImage(0xbfec0510,0,0,150) 1015---READ_BMP_DATA_ERRO 获取bmp图像数据错误
130226 04:09:04 SPrintBrandImage(0xbfec0510,0,0,150) 1513---BRAND_XPOS_ERROR 打印标识成功，但是X坐标错误
130226 04:09:10 SPrintBrandImage(0xbfec0510,0,0,150) 1015---READ_BMP_DATA_ERRO 获取bmp图像数据错误
130226 04:09:10 SPrintBrandImage(0xbfec0510,0,0,150) 1500---OTHER_ERROR index超出限制
130226 04:09:14 SPrintBrandImage(0xbfec0510,0,0,150) 1015---READ_BMP_DATA_ERRO 获取bmp图像数据错误
130226 04:09:14 SPrintBrandImage(0xbfec0510,0,0,150) 1500---OTHER_ERROR index超出限制
130226 04:09:23 SPrintBrandImage(0xbfec0510,0,0,150) 1015---READ_BMP_DATA_ERRO 获取bmp图像数据错误
130226 04:09:23 SPrintBrandImage(0xbfec0510,0,0,150) 1500---OTHER_ERROR index超出限制
130226 04:09:31 SPrintBrandImage(0xbfec0510,0,0,150) 1015---READ_BMP_DATA_ERRO 获取bmp图像数据错误
130226 04:09:31 SPrintBrandImage(0xbfec0510,0,0,150) 1513---BRAND_XPOS_ERROR 打印标识成功，但是X坐标错误
130226 04:10:12 SPrintBrandImage(0x0,1,0,150) 1513---BRAND_XPOS_ERROR 打印标识成功，但是X坐标错误
130226 04:10:19 SPrintBrandImage(0x0,3,0,150) 1513---BRAND_XPOS_ERROR 打印标识成功，但是X坐标错误
130226 04:10:25 SPrintBrandImage(0xbfd89980,0,0,150) 1015---READ_BMP_DATA_ERRO 获取bmp图像数据错误
130226 04:10:25 SPrintBrandImage(0xbfd89980,0,0,150) 1500---OTHER_ERROR index超出限制
130226 04:15:17 SPrintBrandImage(0x0,1,0,150) 1513---BRAND_XPOS_ERROR 打印标识成功，但是X坐标错误
130226 04:17:40 SPrintBrandImage(0x0,1,100,150) 1513---BRAND_XPOS_ERROR 打印标识成功，但是X坐标错误
130226 04:17:59 SPrintBrandImage(0x0,1,100,150) 1500---OTHER_ERROR 获取票的长度失败
130226 04:18:05 SPrintBrandImage(0x0,1,100,150) 1500---OTHER_ERROR 获取票的长度失败
130226 04:18:18 SPrintBrandImage(0x0,1,100,150) 1500---OTHER_ERROR 获取票的长度失败
130226 04:18:33 SPrintBrandImage(0x0,1,100,150) 1513---BRAND_XPOS_ERROR 打印标识成功，但是X坐标错误
130226 04:18:40 SPrintBrandImage(0x0,3,100,150) 1513---BRAND_XPOS_ERROR 打印标识成功，但是X坐标错误
130226 04:25:49 SPrintBrandImage(0xbf8d66e0,0,100,150) 1015---READ_BMP_DATA_ERRO 获取bmp图像数据错误
130226 04:25:49 SPrintBrandImage(0xbf8d66e0,0,100,150) 1513---BRAND_XPOS_ERROR 打印标识成功，但是X坐标错误
130226 04:26:00 SPrintBrandImage(0x0,1,100,150) 1513---BRAND_XPOS_ERROR 打印标识成功，但是X坐标错误
130226 04:26:08 SPrintBrandImage(0xbf8d66e0,0,100,150) 1015---READ_BMP_DATA_ERRO 获取bmp图像数据错误
130226 04:26:08 SPrintBrandImage(0xbf8d66e0,0,100,150) 1513---BRAND_XPOS_ERROR 打印标识成功，但是X坐标错误
130226 04:26:55 SPrintBrandImage(0xbf8400b0,0,100,150) 1015---READ_BMP_DATA_ERRO 获取bmp图像数据错误
130226 04:26:55 SPrintBrandImage(0xbf8400b0,0,100,150) 1513---BRAND_XPOS_ERROR 打印标识成功，但是X坐标错误
130226 04:29:13 SPrintBrandImage(0xbf9a0b00,0,100,150) 1015---READ_BMP_DATA_ERRO 获取bmp图像数据错误
130226 04:29:13 SPrintBrandImage(0xbf9a0b00,0,100,150) 1513---BRAND_XPOS_ERROR 打印标识成功，但是X坐标错误
130226 04:29:26 SPrintBrandImage(0xbf9a0b00,0,100,150) 1015---READ_BMP_DATA_ERRO 获取bmp图像数据错误
130226 04:29:26 SPrintBrandImage(0xbf9a0b00,0,100,150) 1513---BRAND_XPOS_ERROR 打印标识成功，但是X坐标错误
130226 04:54:10 SPrintBrandImage(0xbfa1cd30,0,100,150) 1015---READ_BMP_DATA_ERRO 获取bmp图像数据错误
130226 04:54:10 SPrintBrandImage(0xbfa1cd30,0,100,150) 1513---BRAND_XPOS_ERROR 打印标识成功，但是X坐标错误
130226 04:54:18 SPrintBrandImage(0x0,3,100,150) 1513---BRAND_XPOS_ERROR 打印标识成功，但是X坐标错误
130226 04:58:13 SPrintBrandImage(0xbfca1700,0,100,150) 1015---READ_BMP_DATA_ERRO 获取bmp图像数据错误
130226 04:58:13 SPrintBrandImage(0xbfca1700,0,100,150) 1513---BRAND_XPOS_ERROR 打印标识成功，但是X坐标错误
130226 05:15:19 SPrintBrandImage(0xbfa237f0,0,100,150) 1015---READ_BMP_DATA_ERRO 获取bmp图像数据错误
130226 05:15:19 SPrintBrandImage(0xbfa237f0,0,100,150) 1513---BRAND_XPOS_ERROR 打印标识成功，但是X坐标错误
130226 05:15:29 SPrintBrandImage(0xbfa237f0,0,100,150) 1015---READ_BMP_DATA_ERRO 获取bmp图像数据错误
130226 05:15:29 SPrintBrandImage(0xbfa237f0,0,100,150) 1513---BRAND_XPOS_ERROR 打印标识成功，但是X坐标错误
130226 05:15:45 SPrintBrandImage(0x0,1,100,150) 1513---BRAND_XPOS_ERROR 打印标识成功，但是X坐标错误
130226 05:15:49 SPrintBrandImage(0xbfa237f0,0,100,150) 1015---READ_BMP_DATA_ERRO 获取bmp图像数据错误
130226 05:15:49 SPrintBrandImage(0xbfa237f0,0,100,150) 1513---BRAND_XPOS_ERROR 打印标识成功，但是X坐标错误
130226 05:42:16 SPrintBrandImage(0xbfa237f0,0,100,150) 1015---READ_BMP_DATA_ERRO 获取bmp图像数据错误
130226 05:42:16 SPrintBrandImage(0xbfa237f0,0,100,150) 1513---BRAND_XPOS_ERROR 打印标识成功，但是X坐标错误
130226 05:42:41 SPrintBrandImage(0xbfc03c30,0,100,150) 1015---READ_BMP_DATA_ERRO 获取bmp图像数据错误
130226 05:42:41 SPrintBrandImage(0xbfc03c30,0,100,150) 1513---BRAND_XPOS_ERROR 打印标识成功，但是X坐标错误
130226 05:54:46 SPrintBrandImage(0xbfdae570,0,100,150) 1015---READ_BMP_DATA_ERRO 获取bmp图像数据错误
130226 05:54:46 SPrintBrandImage(0xbfdae570,0,100,150) 1513---BRAND_XPOS_ERROR 打印标识成功，但是X坐标错误
130226 08:57:14 SPrintBrandImage(0x0,1,100,150) 1513---BRAND_XPOS_ERROR 打印标识成功，但是X坐标错误
130226 08:57:20 SPrintBrandImage(0xbfbd2610,0,100,150) 1513---BRAND_XPOS_ERROR 打印标识成功，但是X坐标错误
130226 08:57:31 SPrintBrandImage(0xbfbd2610,0,100,150) 1513---BRAND_XPOS_ERROR 打印标识成功，但是X坐标错误
130226 09:00:52 SPrintBrandImage(0xbff23ca0,0,100,150) 1513---BRAND_XPOS_ERROR 打印标识成功，但是X坐标错误
130226 09:01:04 SPrintBrandImage(0xbff23ca0,0,100,150) 1513---BRAND_XPOS_ERROR 打印标识成功，但是X坐标错误
130226 09:02:07 SPrintBrandImage(0xbf90eab0,0,100,150) 1513---BRAND_XPOS_ERROR 打印标识成功，但是X坐标错误
130226 09:03:24 SPrintBrandImage(0xbf9ff080,0,100,150) 1513---BRAND_XPOS_ERROR 打印标识成功，但是X坐标错误
130226 09:03:36 SPrintBrandImage(0xbf9ff080,0,100,150) 1513---BRAND_XPOS_ERROR 打印标识成功，但是X坐标错误
130226 09:03:46 SPrintBrandImage(0xbf9ff080,0,100,150) 1513---BRAND_XPOS_ERROR 打印标识成功，但是X坐标错误
130226 09:03:58 SPrintBrandImage(0xbf9ff080,0,100,150) 1513---BRAND_XPOS_ERROR 打印标识成功，但是X坐标错误
130226 09:07:58 SPrintBrandImage(0xbfe42e0c,0,100,150) 1513---BRAND_XPOS_ERROR 打印标识成功，但是X坐标错误
130226 09:08:18 SPrintBrandImage(0xbfe42e0c,0,100,150) 1513---BRAND_XPOS_ERROR 打印标识成功，但是X坐标错误
130226 09:09:22 SPrintBrandImage(0xbfe6ab70,0,100,150) 1513---BRAND_XPOS_ERROR 打印标识成功，但是X坐标错误
130226 09:09:31 SPrintBrandImage(0xbfe6ab70,0,100,150) 1513---BRAND_XPOS_ERROR 打印标识成功，但是X坐标错误
130226 09:09:39 SPrintBrandImage(0xbfe6ab70,0,100,150) 1513---BRAND_XPOS_ERROR 打印标识成功，但是X坐标错误
130226 09:10:08 SPrintBrandImage(0xbfc07d50,0,100,150) 1500---OTHER_ERROR 获取票的长度失败
130226 09:10:14 SPrintBrandImage(0xbfc07d50,0,100,150) 1500---OTHER_ERROR 获取票的长度失败
130226 10:18:38 SPrintBrandImage(0xbf9b6ac0,0,100,150) 1513---BRAND_XPOS_ERROR 打印标识成功，但是X坐标错误
130226 10:20:28 SPrintBrandImage(0xbfb097c0,0,100,150) 1513---BRAND_XPOS_ERROR 打印标识成功，但是X坐标错误
130226 10:21:07 SPrintBrandImage(0xbff0d720,0,100,150) 1513---BRAND_XPOS_ERROR 打印标识成功，但是X坐标错误
130226 10:24:45 SPrintBrandImage(0xbf9aa3c0,0,100,150) 1513---BRAND_XPOS_ERROR 打印标识成功，但是X坐标错误
130226 10:43:08 SPrintBrandImage(0xbffbbd3c,0,100,150) 1513---BRAND_XPOS_ERROR 打印标识成功，但是X坐标错误
130226 10:44:42 SPrintBrandImage(0xbf8d738c,0,100,150) 1513---BRAND_XPOS_ERROR 打印标识成功，但是X坐标错误
130226 10:47:30 SPrintBrandImage(0xbfaf03ec,0,100,150) 1500---OTHER_ERROR 获取票的长度失败
130226 10:47:53 SPrintBrandImage(0xbfaf03ec,0,100,150) 1513---BRAND_XPOS_ERROR 打印标识成功，但是X坐标错误
130226 10:48:05 SPrintBrandImage(0xbfaf03ec,0,100,150) 1513---BRAND_XPOS_ERROR 打印标识成功，但是X坐标错误
130226 10:51:25 SPrintBrandImage(0xbf8312ec,0,100,150) 1513---BRAND_XPOS_ERROR 打印标识成功，但是X坐标错误
130226 10:51:47 SPrintBrandImage(0xbff57e3c,0,100,150) 1513---BRAND_XPOS_ERROR 打印标识成功，但是X坐标错误
130226 10:51:59 SPrintBrandImage(0xbff57e3c,0,100,150) 1513---BRAND_XPOS_ERROR 打印标识成功，但是X坐标错误
130226 10:52:20 SPrintBrandImage(0x0,1,100,150) 1513---BRAND_XPOS_ERROR 打印标识成功，但是X坐标错误
130226 10:55:26 SPrintBrandImage(0xbfa7d32c,0,100,150) 1513---BRAND_XPOS_ERROR 打印标识成功，但是X坐标错误
130226 10:57:11 SPrintBrandImage(0xbfda5b8c,0,100,150) 1513---BRAND_XPOS_ERROR 打印标识成功，但是X坐标错误
130226 10:57:24 SPrintBrandImage(0x0,1,100,150) 1513---BRAND_XPOS_ERROR 打印标识成功，但是X坐标错误
130226 11:07:12 SPrintBrandImage(0xbff424e0,0,100,150) 1513---BRAND_XPOS_ERROR 打印标识成功，但是X坐标错误
130226 11:07:19 SPrintBrandImage(0xbff424e0,0,100,150) 1513---BRAND_XPOS_ERROR 打印标识成功，但是X坐标错误
130226 11:07:26 SPrintBrandImage(0x0,1,100,150) 1513---BRAND_XPOS_ERROR 打印标识成功，但是X坐标错误
130226 11:48:10 SPrintBrandImage(0xbfdf0280,0,100,150) 1513---BRAND_XPOS_ERROR 打印标识成功，但是X坐标错误
130226 11:48:53 SPrintBrandImage(0xbf86e0e0,0,100,150) 1513---BRAND_XPOS_ERROR 打印标识成功，但是X坐标错误
130227 04:27:15 SPrintBrandImage(0x0,1,100,150) 1513---BRAND_XPOS_ERROR 打印标识成功，但是X坐标错误
130227 04:27:24 SPrintBrandImage(0x0,3,100,150) 1513---BRAND_XPOS_ERROR 打印标识成功，但是X坐标错误
130227 04:27:30 SPrintBrandImage(0xbfe76200,0,100,150) 1513---BRAND_XPOS_ERROR 打印标识成功，但是X坐标错误
130227 04:27:38 SPrintBrandImage(0xbfe76200,0,100,150) 1513---BRAND_XPOS_ERROR 打印标识成功，但是X坐标错误
130227 04:27:52 SPrintBrandImage(0xbfe76200,0,100,150) 1513---BRAND_XPOS_ERROR 打印标识成功，但是X坐标错误
130227 04:28:06 SPrintBrandImage(0x0,3,100,150) 1513---BRAND_XPOS_ERROR 打印标识成功，但是X坐标错误
130227 04:28:14 SPrintBrandImage(0xbfe76200,0,100,150) 1513---BRAND_XPOS_ERROR 打印标识成功，但是X坐标错误
130227 04:28:21 SPrintBrandImage(0x0,3,100,150) 1513---BRAND_XPOS_ERROR 打印标识成功，但是X坐标错误
130227 04:28:27 SPrintBrandImage(0x0,1,100,150) 1513---BRAND_XPOS_ERROR 打印标识成功，但是X坐标错误
130227 04:28:42 SPrintBrandImage(0x0,3,100,150) 1513---BRAND_XPOS_ERROR 打印标识成功，但是X坐标错误
130227 06:16:01 SPrintBrandImage(0x0,1,100,150) 1513---BRAND_XPOS_ERROR 打印标识成功，但是X坐标错误
130227 06:16:09 SPrintBrandImage(0x0,3,100,150) 1513---BRAND_XPOS_ERROR 打印标识成功，但是X坐标错误
130227 06:16:16 SPrintBrandImage(0xbfae6450,0,100,150) 1513---BRAND_XPOS_ERROR 打印标识成功，但是X坐标错误
130227 06:16:22 SPrintBrandImage(0x0,1,100,150) 1513---BRAND_XPOS_ERROR 打印标识成功，但是X坐标错误
130227 06:16:26 SPrintBrandImage(0x0,3,100,150) 1513---BRAND_XPOS_ERROR 打印标识成功，但是X坐标错误
130227 06:16:30 SPrintBrandImage(0xbfae6450,0,100,150) 1513---BRAND_XPOS_ERROR 打印标识成功，但是X坐标错误
130227 06:16:40 SPrintBrandImage(0xbfae6450,0,100,150) 1513---BRAND_XPOS_ERROR 打印标识成功，但是X坐标错误
130227 06:16:44 SPrintBrandImage(0xbfae6450,0,100,150) 1513---BRAND_XPOS_ERROR 打印标识成功，但是X坐标错误
130227 06:16:52 SPrintBrandImage(0xbfae6450,0,100,150) 1513---BRAND_XPOS_ERROR 打印标识成功，但是X坐标错误
130227 06:16:56 SPrintBrandImage(0x0,3,100,150) 1513---BRAND_XPOS_ERROR 打印标识成功，但是X坐标错误
130227 06:17:00 SPrintBrandImage(0x0,1,100,150) 1513---BRAND_XPOS_ERROR 打印标识成功，但是X坐标错误
130227 06:17:07 SPrintBrandImage(0xbfae6450,0,100,150) 1513---BRAND_XPOS_ERROR 打印标识成功，但是X坐标错误
130304 10:15:40 SPrintBrandImage(0x0,1,100,150) 1513---BRAND_XPOS_ERROR 打印标识成功，但是X坐标错误
020107 19:30:33 SGetTicketInfo(0xb30bbd4c,1024) 1011---SCANNER_READ_ERROR 读取票信息错误
020107 19:43:58 SGetTicketInfo(0xb29e6d4c,1024) 1011---SCANNER_READ_ERROR 读取票信息错误
020108 00:23:49 SPrintBrandImage(0x0,3,100,150) 1513---BRAND_XPOS_ERROR 打印标识成功，但是X坐标错误
020108 00:24:04 SPrintBrandImage(0x0,3,100,150) 1513---BRAND_XPOS_ERROR 打印标识成功，但是X坐标错误
020108 00:24:10 SPrintBrandImage(0x0,3,100,150) 1513---BRAND_XPOS_ERROR 打印标识成功，但是X坐标错误
020108 00:24:23 SPrintBrandImage(0x0,3,100,150) 1513---BRAND_XPOS_ERROR 打印标识成功，但是X坐标错误
020108 00:24:41 SPrintBrandImage(0x0,3,100,150) 1513---BRAND_XPOS_ERROR 打印标识成功，但是X坐标错误
020108 00:24:52 SPrintBrandImage(0x0,3,100,150) 1513---BRAND_XPOS_ERROR 打印标识成功，但是X坐标错误
020108 00:24:58 SPrintBrandImage(0x0,3,100,150) 1513---BRAND_XPOS_ERROR 打印标识成功，但是X坐标错误
020108 00:25:04 SPrintBrandImage(0x0,3,100,150) 1513---BRAND_XPOS_ERROR 打印标识成功，但是X坐标错误
020108 00:25:10 SPrintBrandImage(0x0,3,100,150) 1513---BRAND_XPOS_ERROR 打印标识成功，但是X坐标错误
020108 00:25:17 SPrintBrandImage(0x0,3,100,150) 1513---BRAND_XPOS_ERROR 打印标识成功，但是X坐标错误
020108 00:25:23 SPrintBrandImage(0x0,3,100,150) 1513---BRAND_XPOS_ERROR 打印标识成功，但是X坐标错误
020108 00:25:31 SPrintBrandImage(0x0,3,100,150) 1513---BRAND_XPOS_ERROR 打印标识成功，但是X坐标错误
020108 00:25:39 SPrintBrandImage(0x0,3,100,150) 1513---BRAND_XPOS_ERROR 打印标识成功，但是X坐标错误
020108 00:26:04 SPrintBrandImage(0x0,1,100,150) 1513---BRAND_XPOS_ERROR 打印标识成功，但是X坐标错误
020108 00:26:11 SPrintBrandImage(0x0,1,100,150) 1513---BRAND_XPOS_ERROR 打印标识成功，但是X坐标错误
020108 00:26:16 SPrintBrandImage(0x0,1,100,150) 1513---BRAND_XPOS_ERROR 打印标识成功，但是X坐标错误
020108 00:27:05 SPrintBrandImage(0x0,1,100,150) 1513---BRAND_XPOS_ERROR 打印标识成功，但是X坐标错误
020108 00:27:13 SPrintBrandImage(0x0,1,100,150) 1513---BRAND_XPOS_ERROR 打印标识成功，但是X坐标错误
020108 00:27:51 SPrintBrandImage(0xbff5d3a0,0,100,150) 1513---BRAND_XPOS_ERROR 打印标识成功，但是X坐标错误
020108 00:27:58 SPrintBrandImage(0xbff5d3a0,0,100,150) 1513---BRAND_XPOS_ERROR 打印标识成功，但是X坐标错误
020108 00:30:20 SPrintBrandImage(0x0,1,100,150) 1513---BRAND_XPOS_ERROR 打印标识成功，但是X坐标错误
020108 00:30:31 SPrintBrandImage(0x0,3,100,150) 1513---BRAND_XPOS_ERROR 打印标识成功，但是X坐标错误
020108 00:30:50 SPrintBrandImage(0x0,3,100,150) 1513---BRAND_XPOS_ERROR 打印标识成功，但是X坐标错误
020108 00:30:57 SPrintBrandImage(0x0,1,100,150) 1513---BRAND_XPOS_ERROR 打印标识成功，但是X坐标错误
020108 00:31:21 SPrintBrandImage(0x0,1,100,150) 1513---BRAND_XPOS_ERROR 打印标识成功，但是X坐标错误
020108 00:31:27 SPrintBrandImage(0x0,3,100,150) 1513---BRAND_XPOS_ERROR 打印标识成功，但是X坐标错误
020108 00:50:32 SPrintBrandImage(0x0,1,100,150) 1513---BRAND_XPOS_ERROR 打印标识成功，但是X坐标错误
020108 00:50:39 SPrintBrandImage(0x0,3,100,150) 1513---BRAND_XPOS_ERROR 打印标识成功，但是X坐标错误
020108 17:43:50 SPrintBrandImage(0x0,1,100,150) 1513---BRAND_XPOS_ERROR 打印标识成功，但是X坐标错误
020108 17:44:04 SPrintBrandImage(0x0,3,100,150) 1513---BRAND_XPOS_ERROR 打印标识成功，但是X坐标错误
020108 17:44:11 SPrintBrandImage(0x0,1,100,150) 1513---BRAND_XPOS_ERROR 打印标识成功，但是X坐标错误
020108 17:44:13 SPrintBrandImage(0x0,1,100,150) 1513---BRAND_XPOS_ERROR 打印标识成功，但是X坐标错误
020108 23:52:37 SPrintBrandImage(0x0,1,100,150) 1513---BRAND_XPOS_ERROR 打印标识成功，但是X坐标错误
020108 23:53:14 SPrintBrandImage(0x0,1,100,150) 1513---BRAND_XPOS_ERROR 打印标识成功，但是X坐标错误
130113 18:16:22 SPrintBrandImage(0x0,1,100,150) 1500---OTHER_ERROR 获取票的长度失败
130113 18:16:25 SPrintBrandImage(0x0,1,100,150) 1513---BRAND_XPOS_ERROR 打印标识成功，但是X坐标错误
130113 18:16:32 SPrintBrandImage(0x0,3,100,150) 1513---BRAND_XPOS_ERROR 打印标识成功，但是X坐标错误
130113 18:16:40 SPrintBrandImage(0xbfc91830,0,100,150) 1513---BRAND_XPOS_ERROR 打印标识成功，但是X坐标错误
130113 23:36:03 SPrintBrandImage(0x0,1,100,150) 1513---BRAND_XPOS_ERROR 打印标识成功，但是X坐标错误
130113 23:36:10 SPrintBrandImage(0x0,3,100,150) 1513---BRAND_XPOS_ERROR 打印标识成功，但是X坐标错误
130113 23:36:16 SPrintBrandImage(0xbff17bb0,0,100,150) 1513---BRAND_XPOS_ERROR 打印标识成功，但是X坐标错误
130113 23:41:41 SPrintBrandImage(0x0,1,100,150) 1500---OTHER_ERROR 获取票的长度失败
130113 23:41:48 SPrintBrandImage(0x0,1,100,150) 1513---BRAND_XPOS_ERROR 打印标识成功，但是X坐标错误
130113 23:46:40 SPrintBrandImage(0xbfcf65e0,0,100,150) 1006---SCANNER_DISABLED 读票机被禁用
130113 23:46:40 SRollBack() 1006---SCANNER_DISABLED 读票机被禁用
130113 23:46:54 SPrintBrandImage(0x0,3,100,150) 1006---SCANNER_DISABLED 读票机被禁用
130113 23:46:54 SRollBack() 1006---SCANNER_DISABLED 读票机被禁用
130113 23:47:06 SPrintBrandImage(0x0,3,100,150) 1006---SCANNER_DISABLED 读票机被禁用
130113 23:47:06 SRollBack() 1006---SCANNER_DISABLED 读票机被禁用
130113 23:47:21 SPrintBrandImage(0x0,3,100,150) 1006---SCANNER_DISABLED 读票机被禁用
130113 23:47:21 SRollBack() 1006---SCANNER_DISABLED 读票机被禁用
130113 23:47:42 SPrintBrandImage(0x0,3,100,150) 1513---BRAND_XPOS_ERROR 打印标识成功，但是X坐标错误
130113 23:48:07 SPrintBrandImage(0x0,1,100,150) 1513---BRAND_XPOS_ERROR 打印标识成功，但是X坐标错误
130113 23:49:21 SRollBack() 1006---SCANNER_DISABLED 读票机被禁用
130113 23:51:58 SPrintBrandImage(0xbfcf4420,0,100,150) 1500---OTHER_ERROR 获取票的长度失败
130113 23:51:59 SPrintBrandImage(0xbfcf4420,0,100,150) 1500---OTHER_ERROR 获取票的长度失败
130114 00:24:58 SGetTicketInfo(0xb2873d4c,1024) 1011---SCANNER_READ_ERROR 读取票信息错误
130114 01:36:57 SGetTicketInfo(0xb27b5d4c,1024) 1011---SCANNER_READ_ERROR 读取票信息错误
130114 01:38:09 SPrintBrandImage(0x0,1,100,150) 1500---OTHER_ERROR 获取票的长度失败
130114 01:38:11 SPrintBrandImage(0x0,1,100,150) 1500---OTHER_ERROR 获取票的长度失败
130114 01:38:13 SPrintBrandImage(0x0,1,100,150) 1500---OTHER_ERROR 获取票的长度失败
130114 01:38:21 SPrintBrandImage(0x0,3,100,150) 1500---OTHER_ERROR 获取票的长度失败
130114 01:38:28 SPrintBrandImage(0x0,1,100,150) 1513---BRAND_XPOS_ERROR 打印标识成功，但是X坐标错误
130114 01:38:46 SPrintBrandImage(0x0,1,100,150) 1500---OTHER_ERROR 获取票的长度失败
130114 01:41:02 SPrintBrandImage(0x0,1,100,150) 1513---BRAND_XPOS_ERROR 打印标识成功，但是X坐标错误
130114 01:41:17 SPrintBrandImage(0x0,3,100,150) 1513---BRAND_XPOS_ERROR 打印标识成功，但是X坐标错误
130114 01:41:21 SPrintBrandImage(0x0,3,100,150) 1513---BRAND_XPOS_ERROR 打印标识成功，但是X坐标错误
130114 01:41:22 SPrintBrandImage(0x0,3,100,150) 1513---BRAND_XPOS_ERROR 打印标识成功，但是X坐标错误
130114 01:41:24 SPrintBrandImage(0x0,3,100,150) 1513---BRAND_XPOS_ERROR 打印标识成功，但是X坐标错误
130114 01:41:26 SPrintBrandImage(0xbfd7e8f0,0,100,150) 1513---BRAND_XPOS_ERROR 打印标识成功，但是X坐标错误
130114 01:41:30 SPrintBrandImage(0xbfd7e8f0,0,100,150) 1513---BRAND_XPOS_ERROR 打印标识成功，但是X坐标错误
130114 01:55:46 SPrintBrandImage(0x0,1,100,150) 1500---OTHER_ERROR 获取票的长度失败
130114 02:01:25 SPrintBrandImage(0xbfe7d3e0,0,100,150) 1500---OTHER_ERROR 获取票的长度失败
130114 19:00:55 SGetTicketInfo(0xb1efed4c,1024) 1011---SCANNER_READ_ERROR 读取票信息错误
130114 19:01:11 ScannerIsReady() 1006---SCANNER_DISABLED 读票机被禁用
130114 19:01:11 ScannerIsReady() 1006---SCANNER_DISABLED 读票机被禁用
130114 19:01:12 ScannerIsReady() 1006---SCANNER_DISABLED 读票机被禁用
130114 19:01:12 ScannerIsReady() 1006---SCANNER_DISABLED 读票机被禁用
130114 19:01:13 ScannerIsReady() 1006---SCANNER_DISABLED 读票机被禁用
130114 19:01:13 ScannerIsReady() 1006---SCANNER_DISABLED 读票机被禁用
130114 19:01:14 ScannerIsReady() 1006---SCANNER_DISABLED 读票机被禁用
130114 19:01:14 ScannerIsReady() 1006---SCANNER_DISABLED 读票机被禁用
130114 19:01:15 ScannerIsReady() 1006---SCANNER_DISABLED 读票机被禁用
130114 19:01:15 ScannerIsReady() 1006---SCANNER_DISABLED 读票机被禁用
130114 19:01:16 ScannerIsReady() 1006---SCANNER_DISABLED 读票机被禁用
130114 19:01:16 ScannerIsReady() 1006---SCANNER_DISABLED 读票机被禁用
130114 19:01:17 ScannerIsReady() 1006---SCANNER_DISABLED 读票机被禁用
130114 19:01:17 ScannerIsReady() 1006---SCANNER_DISABLED 读票机被禁用
130114 19:01:18 ScannerIsReady() 1006---SCANNER_DISABLED 读票机被禁用
130114 19:01:18 ScannerIsReady() 1006---SCANNER_DISABLED 读票机被禁用
130114 19:01:19 ScannerIsReady() 1006---SCANNER_DISABLED 读票机被禁用
130114 19:01:19 ScannerIsReady() 1006---SCANNER_DISABLED 读票机被禁用
130114 19:01:19 SRollBack() 1006---SCANNER_DISABLED 读票机被禁用
130114 19:01:55 ScannerIsReady() 1006---SCANNER_DISABLED 读票机被禁用
130114 19:01:56 ScannerIsReady() 1006---SCANNER_DISABLED 读票机被禁用
130114 19:01:56 ScannerIsReady() 1006---SCANNER_DISABLED 读票机被禁用
130114 19:01:57 ScannerIsReady() 1006---SCANNER_DISABLED 读票机被禁用
130114 19:01:58 ScannerIsReady() 1006---SCANNER_DISABLED 读票机被禁用
130114 19:01:58 ScannerIsReady() 1006---SCANNER_DISABLED 读票机被禁用
130114 19:01:59 ScannerIsReady() 1006---SCANNER_DISABLED 读票机被禁用
130114 19:01:59 ScannerIsReady() 1006---SCANNER_DISABLED 读票机被禁用
130114 19:02:00 ScannerIsReady() 1006---SCANNER_DISABLED 读票机被禁用
130114 19:02:00 ScannerIsReady() 1006---SCANNER_DISABLED 读票机被禁用
130114 19:02:01 ScannerIsReady() 1006---SCANNER_DISABLED 读票机被禁用
130114 19:02:01 ScannerIsReady() 1006---SCANNER_DISABLED 读票机被禁用
130114 19:02:02 ScannerIsReady() 1006---SCANNER_DISABLED 读票机被禁用
130114 19:02:02 ScannerIsReady() 1006---SCANNER_DISABLED 读票机被禁用
130114 19:02:03 ScannerIsReady() 1006---SCANNER_DISABLED 读票机被禁用
130114 19:02:03 ScannerIsReady() 1006---SCANNER_DISABLED 读票机被禁用
130114 19:02:04 ScannerIsReady() 1006---SCANNER_DISABLED 读票机被禁用
130114 19:02:04 ScannerIsReady() 1006---SCANNER_DISABLED 读票机被禁用
130114 19:02:05 ScannerIsReady() 1006---SCANNER_DISABLED 读票机被禁用
130114 19:02:05 ScannerIsReady() 1006---SCANNER_DISABLED 读票机被禁用
130114 19:02:06 ScannerIsReady() 1006---SCANNER_DISABLED 读票机被禁用
130114 19:02:06 ScannerIsReady() 1006---SCANNER_DISABLED 读票机被禁用
130114 19:02:07 ScannerIsReady() 1006---SCANNER_DISABLED 读票机被禁用
130114 19:02:07 ScannerIsReady() 1006---SCANNER_DISABLED 读票机被禁用
130114 19:02:08 ScannerIsReady() 1006---SCANNER_DISABLED 读票机被禁用
130114 19:02:08 ScannerIsReady() 1006---SCANNER_DISABLED 读票机被禁用
130114 19:02:09 ScannerIsReady() 1006---SCANNER_DISABLED 读票机被禁用
130114 19:02:09 ScannerIsReady() 1006---SCANNER_DISABLED 读票机被禁用
130114 19:02:10 ScannerIsReady() 1006---SCANNER_DISABLED 读票机被禁用
130114 19:02:10 ScannerIsReady() 1006---SCANNER_DISABLED 读票机被禁用
130114 19:02:11 ScannerIsReady() 1006---SCANNER_DISABLED 读票机被禁用
130114 19:02:11 ScannerIsReady() 1006---SCANNER_DISABLED 读票机被禁用
130114 19:02:12 ScannerIsReady() 1006---SCANNER_DISABLED 读票机被禁用
130114 19:02:12 ScannerIsReady() 1006---SCANNER_DISABLED 读票机被禁用
130114 19:02:13 ScannerIsReady() 1006---SCANNER_DISABLED 读票机被禁用
130114 19:02:13 ScannerIsReady() 1006---SCANNER_DISABLED 读票机被禁用
130114 19:02:14 ScannerIsReady() 1006---SCANNER_DISABLED 读票机被禁用
130114 19:02:14 ScannerIsReady() 1006---SCANNER_DISABLED 读票机被禁用
130114 19:02:15 ScannerIsReady() 1006---SCANNER_DISABLED 读票机被禁用
130114 19:02:15 ScannerIsReady() 1006---SCANNER_DISABLED 读票机被禁用
130114 19:02:16 ScannerIsReady() 1006---SCANNER_DISABLED 读票机被禁用
130114 19:02:16 ScannerIsReady() 1006---SCANNER_DISABLED 读票机被禁用
130114 19:02:17 ScannerIsReady() 1006---SCANNER_DISABLED 读票机被禁用
130114 19:02:17 ScannerIsReady() 1006---SCANNER_DISABLED 读票机被禁用
130114 19:02:18 ScannerIsReady() 1006---SCANNER_DISABLED 读票机被禁用
130114 19:02:18 ScannerIsReady() 1006---SCANNER_DISABLED 读票机被禁用
130114 19:02:19 ScannerIsReady() 1006---SCANNER_DISABLED 读票机被禁用
130114 19:02:19 ScannerIsReady() 1006---SCANNER_DISABLED 读票机被禁用
130114 19:02:20 ScannerIsReady() 1006---SCANNER_DISABLED 读票机被禁用
130114 19:02:20 ScannerIsReady() 1006---SCANNER_DISABLED 读票机被禁用
130114 19:02:21 ScannerIsReady() 1006---SCANNER_DISABLED 读票机被禁用
130114 19:02:21 ScannerIsReady() 1006---SCANNER_DISABLED 读票机被禁用
130114 19:02:22 ScannerIsReady() 1006---SCANNER_DISABLED 读票机被禁用
130114 19:02:22 ScannerIsReady() 1006---SCANNER_DISABLED 读票机被禁用
130114 19:02:23 ScannerIsReady() 1006---SCANNER_DISABLED 读票机被禁用
130114 19:02:23 ScannerIsReady() 1006---SCANNER_DISABLED 读票机被禁用
130114 19:02:24 ScannerIsReady() 1006---SCANNER_DISABLED 读票机被禁用
130114 19:02:24 ScannerIsReady() 1006---SCANNER_DISABLED 读票机被禁用
130114 19:02:25 ScannerIsReady() 1006---SCANNER_DISABLED 读票机被禁用
130114 19:02:25 ScannerIsReady() 1006---SCANNER_DISABLED 读票机被禁用
130114 19:02:26 ScannerIsReady() 1006---SCANNER_DISABLED 读票机被禁用
130114 19:02:26 ScannerIsReady() 1006---SCANNER_DISABLED 读票机被禁用
130114 19:02:27 ScannerIsReady() 1006---SCANNER_DISABLED 读票机被禁用
130114 19:02:27 ScannerIsReady() 1006---SCANNER_DISABLED 读票机被禁用
130114 19:02:28 ScannerIsReady() 1006---SCANNER_DISABLED 读票机被禁用
130114 19:02:28 ScannerIsReady() 1006---SCANNER_DISABLED 读票机被禁用
130114 19:02:29 ScannerIsReady() 1006---SCANNER_DISABLED 读票机被禁用
130114 19:02:29 ScannerIsReady() 1006---SCANNER_DISABLED 读票机被禁用
130114 19:02:30 ScannerIsReady() 1006---SCANNER_DISABLED 读票机被禁用
130114 19:02:30 ScannerIsReady() 1006---SCANNER_DISABLED 读票机被禁用
130114 19:02:31 ScannerIsReady() 1006---SCANNER_DISABLED 读票机被禁用
130114 19:02:31 ScannerIsReady() 1006---SCANNER_DISABLED 读票机被禁用
130114 19:02:32 ScannerIsReady() 1006---SCANNER_DISABLED 读票机被禁用
130114 19:02:32 ScannerIsReady() 1006---SCANNER_DISABLED 读票机被禁用
130114 19:02:33 ScannerIsReady() 1006---SCANNER_DISABLED 读票机被禁用
130114 19:02:33 ScannerIsReady() 1006---SCANNER_DISABLED 读票机被禁用
130114 19:02:34 ScannerIsReady() 1006---SCANNER_DISABLED 读票机被禁用
130114 19:02:34 ScannerIsReady() 1006---SCANNER_DISABLED 读票机被禁用
130114 19:02:35 ScannerIsReady() 1006---SCANNER_DISABLED 读票机被禁用
130114 19:02:35 ScannerIsReady() 1006---SCANNER_DISABLED 读票机被禁用
130114 19:02:36 ScannerIsReady() 1006---SCANNER_DISABLED 读票机被禁用
130114 19:02:36 ScannerIsReady() 1006---SCANNER_DISABLED 读票机被禁用
130114 19:02:37 ScannerIsReady() 1006---SCANNER_DISABLED 读票机被禁用
130114 19:02:37 ScannerIsReady() 1006---SCANNER_DISABLED 读票机被禁用
130114 19:02:38 ScannerIsReady() 1006---SCANNER_DISABLED 读票机被禁用
130114 19:02:38 ScannerIsReady() 1006---SCANNER_DISABLED 读票机被禁用
130114 19:02:39 ScannerIsReady() 1006---SCANNER_DISABLED 读票机被禁用
130114 19:02:39 ScannerIsReady() 1006---SCANNER_DISABLED 读票机被禁用
130114 19:02:40 ScannerIsReady() 1006---SCANNER_DISABLED 读票机被禁用
130114 19:02:40 ScannerIsReady() 1006---SCANNER_DISABLED 读票机被禁用
130114 19:02:41 ScannerIsReady() 1006---SCANNER_DISABLED 读票机被禁用
130114 19:02:41 ScannerIsReady() 1006---SCANNER_DISABLED 读票机被禁用
130114 19:02:42 ScannerIsReady() 1006---SCANNER_DISABLED 读票机被禁用
130114 19:02:42 ScannerIsReady() 1006---SCANNER_DISABLED 读票机被禁用
130114 19:02:43 ScannerIsReady() 1006---SCANNER_DISABLED 读票机被禁用
130114 19:02:43 ScannerIsReady() 1006---SCANNER_DISABLED 读票机被禁用
130114 19:02:44 ScannerIsReady() 1006---SCANNER_DISABLED 读票机被禁用
130114 19:02:44 ScannerIsReady() 1006---SCANNER_DISABLED 读票机被禁用
130114 19:02:45 ScannerIsReady() 1006---SCANNER_DISABLED 读票机被禁用
130114 19:02:45 ScannerIsReady() 1006---SCANNER_DISABLED 读票机被禁用
130114 19:02:46 ScannerIsReady() 1006---SCANNER_DISABLED 读票机被禁用
130114 19:02:46 ScannerIsReady() 1006---SCANNER_DISABLED 读票机被禁用
130114 19:02:47 ScannerIsReady() 1006---SCANNER_DISABLED 读票机被禁用
130114 19:02:47 ScannerIsReady() 1006---SCANNER_DISABLED 读票机被禁用
130114 19:02:48 ScannerIsReady() 1006---SCANNER_DISABLED 读票机被禁用
130114 19:02:48 ScannerIsReady() 1006---SCANNER_DISABLED 读票机被禁用
130114 19:02:49 ScannerIsReady() 1006---SCANNER_DISABLED 读票机被禁用
130114 19:02:49 ScannerIsReady() 1006---SCANNER_DISABLED 读票机被禁用
130114 19:02:50 ScannerIsReady() 1006---SCANNER_DISABLED 读票机被禁用
130114 19:02:50 ScannerIsReady() 1006---SCANNER_DISABLED 读票机被禁用
130114 19:02:51 ScannerIsReady() 1006---SCANNER_DISABLED 读票机被禁用
130114 19:02:51 ScannerIsReady() 1006---SCANNER_DISABLED 读票机被禁用
130114 19:02:52 ScannerIsReady() 1006---SCANNER_DISABLED 读票机被禁用
130114 19:02:52 ScannerIsReady() 1006---SCANNER_DISABLED 读票机被禁用
130114 19:02:53 ScannerIsReady() 1006---SCANNER_DISABLED 读票机被禁用
130114 19:02:53 ScannerIsReady() 1006---SCANNER_DISABLED 读票机被禁用
130114 19:02:54 ScannerIsReady() 1006---SCANNER_DISABLED 读票机被禁用
130114 19:02:54 ScannerIsReady() 1006---SCANNER_DISABLED 读票机被禁用
130114 19:02:55 ScannerIsReady() 1006---SCANNER_DISABLED 读票机被禁用
130114 19:02:55 ScannerIsReady() 1006---SCANNER_DISABLED 读票机被禁用
130114 19:02:56 ScannerIsReady() 1006---SCANNER_DISABLED 读票机被禁用
130114 19:02:56 ScannerIsReady() 1006---SCANNER_DISABLED 读票机被禁用
130114 19:02:57 ScannerIsReady() 1006---SCANNER_DISABLED 读票机被禁用
130114 19:02:57 ScannerIsReady() 1006---SCANNER_DISABLED 读票机被禁用
130114 19:02:58 ScannerIsReady() 1006---SCANNER_DISABLED 读票机被禁用
130114 19:02:58 ScannerIsReady() 1006---SCANNER_DISABLED 读票机被禁用
130114 19:02:59 ScannerIsReady() 1006---SCANNER_DISABLED 读票机被禁用
130114 19:02:59 ScannerIsReady() 1006---SCANNER_DISABLED 读票机被禁用
130114 19:02:59 SRollBack() 1006---SCANNER_DISABLED 读票机被禁用
130114 19:05:13 SGetTicketInfo(0xb2930d4c,1024) 1011---SCANNER_READ_ERROR 读取票信息错误
130114 19:12:02 ScannerIsReady() 1006---SCANNER_DISABLED 读票机被禁用
130114 19:12:02 ScannerIsReady() 1006---SCANNER_DISABLED 读票机被禁用
130114 19:12:03 ScannerIsReady() 1006---SCANNER_DISABLED 读票机被禁用
130114 19:12:03 ScannerIsReady() 1006---SCANNER_DISABLED 读票机被禁用
130114 19:12:04 ScannerIsReady() 1006---SCANNER_DISABLED 读票机被禁用
130114 19:12:04 ScannerIsReady() 1006---SCANNER_DISABLED 读票机被禁用
130114 19:12:05 ScannerIsReady() 1006---SCANNER_DISABLED 读票机被禁用
130114 19:12:05 ScannerIsReady() 1006---SCANNER_DISABLED 读票机被禁用
130114 19:12:06 ScannerIsReady() 1006---SCANNER_DISABLED 读票机被禁用
130114 19:12:06 ScannerIsReady() 1006---SCANNER_DISABLED 读票机被禁用
130114 19:12:07 ScannerIsReady() 1006---SCANNER_DISABLED 读票机被禁用
130114 19:12:07 ScannerIsReady() 1006---SCANNER_DISABLED 读票机被禁用
130114 19:12:08 ScannerIsReady() 1006---SCANNER_DISABLED 读票机被禁用
130114 19:12:08 ScannerIsReady() 1006---SCANNER_DISABLED 读票机被禁用
130114 19:12:09 ScannerIsReady() 1006---SCANNER_DISABLED 读票机被禁用
130114 19:12:09 ScannerIsReady() 1006---SCANNER_DISABLED 读票机被禁用
130114 19:12:10 ScannerIsReady() 1006---SCANNER_DISABLED 读票机被禁用
130114 19:12:10 ScannerIsReady() 1006---SCANNER_DISABLED 读票机被禁用
130114 19:12:11 ScannerIsReady() 1006---SCANNER_DISABLED 读票机被禁用
130114 19:12:11 ScannerIsReady() 1006---SCANNER_DISABLED 读票机被禁用
130114 19:12:12 ScannerIsReady() 1006---SCANNER_DISABLED 读票机被禁用
130114 19:12:12 ScannerIsReady() 1006---SCANNER_DISABLED 读票机被禁用
130114 19:12:13 ScannerIsReady() 1006---SCANNER_DISABLED 读票机被禁用
130114 19:12:13 ScannerIsReady() 1006---SCANNER_DISABLED 读票机被禁用
130114 19:12:14 ScannerIsReady() 1006---SCANNER_DISABLED 读票机被禁用
130114 19:12:14 ScannerIsReady() 1006---SCANNER_DISABLED 读票机被禁用
130114 19:12:15 ScannerIsReady() 1006---SCANNER_DISABLED 读票机被禁用
130114 19:12:15 ScannerIsReady() 1006---SCANNER_DISABLED 读票机被禁用
130114 19:12:16 ScannerIsReady() 1006---SCANNER_DISABLED 读票机被禁用
130114 19:12:16 ScannerIsReady() 1006---SCANNER_DISABLED 读票机被禁用
130114 19:12:17 ScannerIsReady() 1006---SCANNER_DISABLED 读票机被禁用
130114 19:12:17 ScannerIsReady() 1006---SCANNER_DISABLED 读票机被禁用
130114 19:12:18 ScannerIsReady() 1006---SCANNER_DISABLED 读票机被禁用
130114 19:12:18 ScannerIsReady() 1006---SCANNER_DISABLED 读票机被禁用
130114 19:12:19 ScannerIsReady() 1006---SCANNER_DISABLED 读票机被禁用
130114 19:12:19 ScannerIsReady() 1006---SCANNER_DISABLED 读票机被禁用
130114 19:12:20 ScannerIsReady() 1006---SCANNER_DISABLED 读票机被禁用
130114 19:12:20 ScannerIsReady() 1006---SCANNER_DISABLED 读票机被禁用
130114 19:12:21 ScannerIsReady() 1006---SCANNER_DISABLED 读票机被禁用
130114 19:12:21 ScannerIsReady() 1006---SCANNER_DISABLED 读票机被禁用
130114 19:12:22 ScannerIsReady() 1006---SCANNER_DISABLED 读票机被禁用
130114 19:12:22 ScannerIsReady() 1006---SCANNER_DISABLED 读票机被禁用
130114 19:12:22 SRollBack() 1006---SCANNER_DISABLED 读票机被禁用
130114 19:12:25 ScannerIsReady() 1006---SCANNER_DISABLED 读票机被禁用
130114 19:12:26 ScannerIsReady() 1006---SCANNER_DISABLED 读票机被禁用
130114 19:12:26 ScannerIsReady() 1006---SCANNER_DISABLED 读票机被禁用
130114 19:12:27 ScannerIsReady() 1006---SCANNER_DISABLED 读票机被禁用
130114 19:12:27 ScannerIsReady() 1006---SCANNER_DISABLED 读票机被禁用
130114 19:12:28 ScannerIsReady() 1006---SCANNER_DISABLED 读票机被禁用
130114 19:12:28 ScannerIsReady() 1006---SCANNER_DISABLED 读票机被禁用
130114 19:12:29 ScannerIsReady() 1006---SCANNER_DISABLED 读票机被禁用
130114 19:12:29 ScannerIsReady() 1006---SCANNER_DISABLED 读票机被禁用
130114 19:12:30 ScannerIsReady() 1006---SCANNER_DISABLED 读票机被禁用
130114 19:12:30 ScannerIsReady() 1006---SCANNER_DISABLED 读票机被禁用
130114 19:12:31 ScannerIsReady() 1006---SCANNER_DISABLED 读票机被禁用
130114 19:12:31 ScannerIsReady() 1006---SCANNER_DISABLED 读票机被禁用
130114 19:12:32 ScannerIsReady() 1006---SCANNER_DISABLED 读票机被禁用
130114 19:12:32 ScannerIsReady() 1006---SCANNER_DISABLED 读票机被禁用
130114 19:12:33 ScannerIsReady() 1006---SCANNER_DISABLED 读票机被禁用
130114 19:12:33 ScannerIsReady() 1006---SCANNER_DISABLED 读票机被禁用
130114 19:12:34 ScannerIsReady() 1006---SCANNER_DISABLED 读票机被禁用
130114 19:12:34 ScannerIsReady() 1006---SCANNER_DISABLED 读票机被禁用
130114 19:12:35 ScannerIsReady() 1006---SCANNER_DISABLED 读票机被禁用
130114 19:12:35 SRollBack() 1006---SCANNER_DISABLED 读票机被禁用
130114 19:12:38 ScannerIsReady() 1006---SCANNER_DISABLED 读票机被禁用
130114 19:12:39 ScannerIsReady() 1006---SCANNER_DISABLED 读票机被禁用
130114 19:12:39 ScannerIsReady() 1006---SCANNER_DISABLED 读票机被禁用
130114 19:12:40 ScannerIsReady() 1006---SCANNER_DISABLED 读票机被禁用
130114 19:12:40 ScannerIsReady() 1006---SCANNER_DISABLED 读票机被禁用
130114 19:12:41 ScannerIsReady() 1006---SCANNER_DISABLED 读票机被禁用
130114 19:12:41 ScannerIsReady() 1006---SCANNER_DISABLED 读票机被禁用
130114 19:12:42 ScannerIsReady() 1006---SCANNER_DISABLED 读票机被禁用
130114 19:12:42 ScannerIsReady() 1006---SCANNER_DISABLED 读票机被禁用
130114 19:12:42 SRollBack() 1006---SCANNER_DISABLED 读票机被禁用
130114 19:14:17 ScannerIsReady() 1006---SCANNER_DISABLED 读票机被禁用
130114 19:14:18 ScannerIsReady() 1006---SCANNER_DISABLED 读票机被禁用
130114 19:14:18 ScannerIsReady() 1006---SCANNER_DISABLED 读票机被禁用
130114 19:14:19 ScannerIsReady() 1006---SCANNER_DISABLED 读票机被禁用
130114 19:14:19 SRollBack() 1006---SCANNER_DISABLED 读票机被禁用
130114 19:18:39 ScannerIsReady() 1006---SCANNER_DISABLED 读票机被禁用
130114 19:18:39 ScannerIsReady() 1006---SCANNER_DISABLED 读票机被禁用
130114 19:18:40 ScannerIsReady() 1006---SCANNER_DISABLED 读票机被禁用
130114 19:18:40 ScannerIsReady() 1006---SCANNER_DISABLED 读票机被禁用
130114 19:18:41 ScannerIsReady() 1006---SCANNER_DISABLED 读票机被禁用
130114 19:18:41 ScannerIsReady() 1006---SCANNER_DISABLED 读票机被禁用
130114 19:18:42 ScannerIsReady() 1006---SCANNER_DISABLED 读票机被禁用
130114 19:18:42 ScannerIsReady() 1006---SCANNER_DISABLED 读票机被禁用
130114 19:18:43 ScannerIsReady() 1006---SCANNER_DISABLED 读票机被禁用
130114 19:18:43 ScannerIsReady() 1006---SCANNER_DISABLED 读票机被禁用
130114 19:18:44 ScannerIsReady() 1006---SCANNER_DISABLED 读票机被禁用
130114 19:18:44 ScannerIsReady() 1006---SCANNER_DISABLED 读票机被禁用
130114 19:18:45 ScannerIsReady() 1006---SCANNER_DISABLED 读票机被禁用
130114 19:18:45 ScannerIsReady() 1006---SCANNER_DISABLED 读票机被禁用
130114 19:18:46 ScannerIsReady() 1006---SCANNER_DISABLED 读票机被禁用
130114 19:18:46 ScannerIsReady() 1006---SCANNER_DISABLED 读票机被禁用
130114 19:18:47 ScannerIsReady() 1006---SCANNER_DISABLED 读票机被禁用
130114 19:18:47 ScannerIsReady() 1006---SCANNER_DISABLED 读票机被禁用
130114 19:18:48 ScannerIsReady() 1006---SCANNER_DISABLED 读票机被禁用
130114 19:18:48 ScannerIsReady() 1006---SCANNER_DISABLED 读票机被禁用
130114 19:18:49 ScannerIsReady() 1006---SCANNER_DISABLED 读票机被禁用
130114 19:18:49 ScannerIsReady() 1006---SCANNER_DISABLED 读票机被禁用
130114 19:18:50 ScannerIsReady() 1006---SCANNER_DISABLED 读票机被禁用
130114 19:18:50 ScannerIsReady() 1006---SCANNER_DISABLED 读票机被禁用
130114 19:18:51 ScannerIsReady() 1006---SCANNER_DISABLED 读票机被禁用
130114 19:18:51 ScannerIsReady() 1006---SCANNER_DISABLED 读票机被禁用
130114 19:18:52 ScannerIsReady() 1006---SCANNER_DISABLED 读票机被禁用
130114 19:18:52 SRollBack() 1006---SCANNER_DISABLED 读票机被禁用
130114 19:18:56 ScannerIsReady() 1006---SCANNER_DISABLED 读票机被禁用
130114 19:18:56 ScannerIsReady() 1006---SCANNER_DISABLED 读票机被禁用
130114 19:18:57 ScannerIsReady() 1006---SCANNER_DISABLED 读票机被禁用
130114 19:18:57 ScannerIsReady() 1006---SCANNER_DISABLED 读票机被禁用
130114 19:18:58 ScannerIsReady() 1006---SCANNER_DISABLED 读票机被禁用
130114 19:18:58 ScannerIsReady() 1006---SCANNER_DISABLED 读票机被禁用
130114 19:18:59 SRollBack() 1006---SCANNER_DISABLED 读票机被禁用
130114 19:25:22 ScannerIsReady() 1006---SCANNER_DISABLED 读票机被禁用
130114 19:25:22 ScannerIsReady() 1006---SCANNER_DISABLED 读票机被禁用
130114 19:25:23 ScannerIsReady() 1006---SCANNER_DISABLED 读票机被禁用
130114 19:25:23 ScannerIsReady() 1006---SCANNER_DISABLED 读票机被禁用
130114 19:25:24 ScannerIsReady() 1006---SCANNER_DISABLED 读票机被禁用
130114 19:25:24 ScannerIsReady() 1006---SCANNER_DISABLED 读票机被禁用
130114 19:25:25 ScannerIsReady() 1006---SCANNER_DISABLED 读票机被禁用
130114 19:25:25 ScannerIsReady() 1006---SCANNER_DISABLED 读票机被禁用
130114 19:25:26 ScannerIsReady() 1006---SCANNER_DISABLED 读票机被禁用
130114 19:25:26 SRollBack() 1006---SCANNER_DISABLED 读票机被禁用
130114 19:25:33 ScannerIsReady() 1006---SCANNER_DISABLED 读票机被禁用
130114 19:25:33 ScannerIsReady() 1006---SCANNER_DISABLED 读票机被禁用
130114 19:25:34 ScannerIsReady() 1006---SCANNER_DISABLED 读票机被禁用
130114 19:25:34 ScannerIsReady() 1006---SCANNER_DISABLED 读票机被禁用
130114 19:25:35 SRollBack() 1006---SCANNER_DISABLED 读票机被禁用
130114 19:26:54 ScannerIsReady() 1006---SCANNER_DISABLED 读票机被禁用
130114 19:26:55 ScannerIsReady() 1006---SCANNER_DISABLED 读票机被禁用
130114 19:26:55 ScannerIsReady() 1006---SCANNER_DISABLED 读票机被禁用
130114 19:26:56 ScannerIsReady() 1006---SCANNER_DISABLED 读票机被禁用
130114 19:26:56 SRollBack() 1006---SCANNER_DISABLED 读票机被禁用
130114 19:27:09 ScannerIsReady() 1006---SCANNER_DISABLED 读票机被禁用
130114 19:27:10 ScannerIsReady() 1006---SCANNER_DISABLED 读票机被禁用
130114 19:27:10 ScannerIsReady() 1006---SCANNER_DISABLED 读票机被禁用
130114 19:27:11 ScannerIsReady() 1006---SCANNER_DISABLED 读票机被禁用
130114 19:27:11 SRollBack() 1006---SCANNER_DISABLED 读票机被禁用
130114 19:28:10 ScannerIsReady() 1006---SCANNER_DISABLED 读票机被禁用
130114 19:28:10 ScannerIsReady() 1006---SCANNER_DISABLED 读票机被禁用
130114 19:28:11 ScannerIsReady() 1006---SCANNER_DISABLED 读票机被禁用
130114 19:28:11 ScannerIsReady() 1006---SCANNER_DISABLED 读票机被禁用
130114 19:28:12 ScannerIsReady() 1006---SCANNER_DISABLED 读票机被禁用
130114 19:28:12 ScannerIsReady() 1006---SCANNER_DISABLED 读票机被禁用
130114 19:28:13 ScannerIsReady() 1006---SCANNER_DISABLED 读票机被禁用
130114 19:28:13 ScannerIsReady() 1006---SCANNER_DISABLED 读票机被禁用
130114 19:28:14 ScannerIsReady() 1006---SCANNER_DISABLED 读票机被禁用
130114 19:28:14 ScannerIsReady() 1006---SCANNER_DISABLED 读票机被禁用
130114 19:28:15 ScannerIsReady() 1006---SCANNER_DISABLED 读票机被禁用
130114 19:28:15 ScannerIsReady() 1006---SCANNER_DISABLED 读票机被禁用
130114 19:28:15 SRollBack() 1006---SCANNER_DISABLED 读票机被禁用
130114 19:28:18 ScannerIsReady() 1006---SCANNER_DISABLED 读票机被禁用
130114 19:28:18 ScannerIsReady() 1006---SCANNER_DISABLED 读票机被禁用
130114 19:28:19 ScannerIsReady() 1006---SCANNER_DISABLED 读票机被禁用
130114 19:28:19 ScannerIsReady() 1006---SCANNER_DISABLED 读票机被禁用
130114 19:28:19 SRollBack() 1006---SCANNER_DISABLED 读票机被禁用
130114 19:32:30 SPrintBrandImage(0xb27aac20,0,320,160) 1513---BRAND_XPOS_ERROR 打印标识成功，但是X坐标错误
130114 19:32:36 SPrintBrandImage(0xb27aac20,0,320,160) 1513---BRAND_XPOS_ERROR 打印标识成功，但是X坐标错误
130114 19:32:43 SPrintBrandImage(0xb27aac20,0,320,160) 1513---BRAND_XPOS_ERROR 打印标识成功，但是X坐标错误
130114 19:32:49 SPrintBrandImage(0xb27aac20,0,320,160) 1513---BRAND_XPOS_ERROR 打印标识成功，但是X坐标错误
130114 19:33:03 SPrintBrandImage(0xb27aac20,0,320,160) 1513---BRAND_XPOS_ERROR 打印标识成功，但是X坐标错误
130114 19:33:14 SPrintBrandImage(0xb27aac20,0,320,160) 1513---BRAND_XPOS_ERROR 打印标识成功，但是X坐标错误
130114 19:39:44 SGetTicketInfo(0xb1efed4c,1024) 1011---SCANNER_READ_ERROR 读取票信息错误
130114 19:41:19 SGetTicketInfo(0xb1efed4c,1024) 1011---SCANNER_READ_ERROR 读取票信息错误
130114 19:43:39 SGetTicketInfo(0xb1efed4c,1024) 1011---SCANNER_READ_ERROR 读取票信息错误
130114 19:45:44 SGetTicketInfo(0xb1efed4c,1024) 1011---SCANNER_READ_ERROR 读取票信息错误
130114 19:49:51 SGetTicketInfo(0xb1efed4c,1024) 1011---SCANNER_READ_ERROR 读取票信息错误
130114 19:52:08 SGetTicketInfo(0xb1efed4c,1024) 1011---SCANNER_READ_ERROR 读取票信息错误
130114 19:54:29 SGetTicketInfo(0xb2804d4c,1024) 1011---SCANNER_READ_ERROR 读取票信息错误
130114 19:55:28 SGetTicketInfo(0xb2804d4c,1024) 1011---SCANNER_READ_ERROR 读取票信息错误
130114 20:07:45 SGetTicketInfo(0xb28bad4c,1024) 1011---SCANNER_READ_ERROR 读取票信息错误
130114 20:09:17 SGetTicketInfo(0xb28bad4c,1024) 1011---SCANNER_READ_ERROR 读取票信息错误
130114 21:06:45 SGetTicketInfo(0xb279ed4c,1024) 1011---SCANNER_READ_ERROR 读取票信息错误
130114 21:49:17 SGetTicketInfo(0xb289ed4c,1024) 1011---SCANNER_READ_ERROR 读取票信息错误
130114 21:53:48 SGetTicketInfo(0xb297fd4c,1024) 1011---SCANNER_READ_ERROR 读取票信息错误
130114 21:53:55 SGetTicketInfo(0xb297fd4c,1024) 1011---SCANNER_READ_ERROR 读取票信息错误
130115 18:51:16 SGetTicketInfo(0xb1efed4c,1024) 1011---SCANNER_READ_ERROR 读取票信息错误
130116 16:57:16 SPrintBrandImage(0xb1deec20,0,320,160) 1513---BRAND_XPOS_ERROR 打印标识成功，但是X坐标错误
130116 16:57:21 SPrintBrandImage(0xb1deec20,0,320,160) 1513---BRAND_XPOS_ERROR 打印标识成功，但是X坐标错误
130116 16:57:38 SPrintBrandImage(0xb1deec20,0,320,160) 1513---BRAND_XPOS_ERROR 打印标识成功，但是X坐标错误
130116 16:57:46 SPrintBrandImage(0xb1deec20,0,320,160) 1513---BRAND_XPOS_ERROR 打印标识成功，但是X坐标错误
130116 17:02:42 SGetTicketInfo(0xb1dfed4c,1024) 1011---SCANNER_READ_ERROR 读取票信息错误
130116 17:10:11 SGetTicketInfo(0xb2904d4c,1024) 1011---SCANNER_READ_ERROR 读取票信息错误
130116 17:10:33 SGetTicketInfo(0xb2904d4c,1024) 1011---SCANNER_READ_ERROR 读取票信息错误
130116 17:15:15 SRollBack() 1006---SCANNER_DISABLED 读票机被禁用
130116 17:16:01 SGetTicketInfo(0xb295cd4c,1024) 1011---SCANNER_READ_ERROR 读取票信息错误
130116 17:16:28 SGetTicketInfo(0xb295cd4c,1024) 1011---SCANNER_READ_ERROR 读取票信息错误
130116 17:16:29 SGetTicketInfo(0xb295cd4c,1024) 1011---SCANNER_READ_ERROR 读取票信息错误
130116 17:16:34 SGetTicketInfo(0xb295cd4c,1024) 1011---SCANNER_READ_ERROR 读取票信息错误
130116 17:16:53 SGetTicketInfo(0xb295cd4c,1024) 1011---SCANNER_READ_ERROR 读取票信息错误
130116 17:17:06 SGetTicketInfo(0xb295cd4c,1024) 1011---SCANNER_READ_ERROR 读取票信息错误
130116 17:22:04 SGetTicketInfo(0xb28bad4c,1024) 1011---SCANNER_READ_ERROR 读取票信息错误
130116 17:22:18 SGetTicketInfo(0xb28bad4c,1024) 1011---SCANNER_READ_ERROR 读取票信息错误
130116 17:47:08 SPrintBrandImage(0xb1deec20,0,320,160) 1513---BRAND_XPOS_ERROR 打印标识成功，但是X坐标错误
130116 17:47:16 SPrintBrandImage(0xb1deec20,0,320,160) 1513---BRAND_XPOS_ERROR 打印标识成功，但是X坐标错误
130116 17:47:21 SPrintBrandImage(0xb1deec20,0,320,160) 1513---BRAND_XPOS_ERROR 打印标识成功，但是X坐标错误
130116 19:36:39 SGetTicketInfo(0xadcfed4c,1024) 1011---SCANNER_READ_ERROR 读取票信息错误
130116 20:47:34 SGetTicketInfo(0xad3fed4c,1024) 1011---SCANNER_READ_ERROR 读取票信息错误
130116 20:47:35 SGetTicketInfo(0xad3fed4c,1024) 1011---SCANNER_READ_ERROR 读取票信息错误
130117 00:12:32 SGetTicketInfo(0xb185cd4c,1024) 1011---SCANNER_READ_ERROR 读取票信息错误
130117 00:12:46 SGetTicketInfo(0xb185cd4c,1024) 1011---SCANNER_READ_ERROR 读取票信息错误
130117 00:32:29 SGetTicketInfo(0xae7aed4c,1024) 1011---SCANNER_READ_ERROR 读取票信息错误
130117 00:33:50 SGetTicketInfo(0xae7aed4c,1024) 1011---SCANNER_READ_ERROR 读取票信息错误
130117 00:57:43 SGetTicketInfo(0xb2830d4c,1024) 1011---SCANNER_READ_ERROR 读取票信息错误
130117 17:09:32 SPrintBrandImage(0xad1f3c20,0,320,160) 1513---BRAND_XPOS_ERROR 打印标识成功，但是X坐标错误
130117 17:11:27 SGetTicketInfo(0xad203d4c,1024) 1011---SCANNER_READ_ERROR 读取票信息错误
130117 17:29:03 SGetTicketInfo(0xad263d4c,1024) 1011---SCANNER_READ_ERROR 读取票信息错误
130117 17:29:33 SGetTicketInfo(0xad263d4c,1024) 1011---SCANNER_READ_ERROR 读取票信息错误
130117 17:30:27 SGetTicketInfo(0xad263d4c,1024) 1011---SCANNER_READ_ERROR 读取票信息错误
130117 17:30:28 SGetTicketInfo(0xad263d4c,1024) 1011---SCANNER_READ_ERROR 读取票信息错误
130117 17:34:23 SPrintBrandImage(0xadc5cc20,0,320,160) 1513---BRAND_XPOS_ERROR 打印标识成功，但是X坐标错误
130117 17:34:28 SPrintBrandImage(0xadc5cc20,0,320,160) 1513---BRAND_XPOS_ERROR 打印标识成功，但是X坐标错误
130117 17:35:04 SGetTicketInfo(0xaba8ed4c,1024) 1011---SCANNER_READ_ERROR 读取票信息错误
130117 18:07:56 SGetTicketInfo(0xadefed4c,1024) 1011---SCANNER_READ_ERROR 读取票信息错误
130117 18:12:20 SGetTicketInfo(0xae650d4c,1024) 1011---SCANNER_READ_ERROR 读取票信息错误
130117 22:47:03 SGetTicketInfo(0xb2830d4c,1024) 1011---SCANNER_READ_ERROR 读取票信息错误
130117 22:47:04 SGetTicketInfo(0xb2830d4c,1024) 1011---SCANNER_READ_ERROR 读取票信息错误
130117 22:53:48 SGetTicketInfo(0xb2830d4c,1024) 1011---SCANNER_READ_ERROR 读取票信息错误
130117 22:53:52 SGetTicketInfo(0xb2830d4c,1024) 1011---SCANNER_READ_ERROR 读取票信息错误
